<?xml version="1.0" encoding="UTF-8"?>
<!-- Sitemap gerado automaticamente em 2024-06-11T00:00:00.000Z -->
<!-- Total de pÃ¡ginas: 3 -->
<!-- Idiomas suportados: pt-BR, en-US, es-ES -->
<urlset xmlns="http://www.sitemaps.org/schemas/sitemap/0.9"
        xmlns:xhtml="http://www.w3.org/1999/xhtml">
  <url>
    <loc>https://4generate.com/pt/</loc>
    <lastmod>2024-06-11T00:00:00.000Z</lastmod>
    <changefreq>daily</changefreq>
    <priority>1.0</priority>
    <xhtml:link rel="alternate" hreflang="pt-BR" href="https://4generate.com/pt/" />
    <xhtml:link rel="alternate" hreflang="en-US" href="https://4generate.com/en/" />
    <xhtml:link rel="alternate" hreflang="es-ES" href="https://4generate.com/es/" />
    <xhtml:link rel="alternate" hreflang="x-default" href="https://4generate.com/pt/" />
  </url>
  <url>
    <loc>https://4generate.com/en/</loc>
    <lastmod>2024-06-11T00:00:00.000Z</lastmod>
    <changefreq>daily</changefreq>
    <priority>0.9</priority>
    <xhtml:link rel="alternate" hreflang="pt-BR" href="https://4generate.com/pt/" />
    <xhtml:link rel="alternate" hreflang="en-US" href="https://4generate.com/en/" />
    <xhtml:link rel="alternate" hreflang="es-ES" href="https://4generate.com/es/" />
    <xhtml:link rel="alternate" hreflang="x-default" href="https://4generate.com/pt/" />
  </url>
  <url>
    <loc>https://4generate.com/es/</loc>
    <lastmod>2024-06-11T00:00:00.000Z</lastmod>
    <changefreq>daily</changefreq>
    <priority>0.9</priority>
    <xhtml:link rel="alternate" hreflang="pt-BR" href="https://4generate.com/pt/" />
    <xhtml:link rel="alternate" hreflang="en-US" href="https://4generate.com/en/" />
    <xhtml:link rel="alternate" hreflang="es-ES" href="https://4generate.com/es/" />
    <xhtml:link rel="alternate" hreflang="x-default" href="https://4generate.com/pt/" />
  </url>
</urlset>
